生成启动时间为 2014/3/31 13:30:37。
     1>项目“G:\Cocos2d-X\CEGame\Tools\lpng1610\projects\vstudio\libpng\libpng.vcxproj”在节点 2 上(Build 个目标)。
     1>InitializeBuildStatus:
         正在对“Debug\libpng.unsuccessfulbuild”执行 Touch 任务。
       ClCompile:
         C:\Program Files\Microsoft Visual Studio 11.0\VC\bin\CL.exe /c /I"..\..\..\..\zlib-1.2.8\zlib-1.2.8" /Zi /nologo /W4 /WX /Od /Oi /Oy- /GL /D WIN32 /D _DEBUG /D _WINDOWS /D _USRDLL /D _WINDLL /D _MBCS /GF /Gm- /EHsc /RTC1 /MDd /GS /Gy /fp:precise /fp:except- /Zc:wchar_t- /Zc:forScope /Yc"pngpriv.h" /Fp"Debug\libpng16.pch" /Fo"Debug\\" /Fd"Debug\vc110.pdb" /FR"Debug\\" /Gd /TC /wd4996 /wd4127 /analyze- /errorReport:prompt ..\..\..\png.c
         png.c
         C:\Program Files\Microsoft Visual Studio 11.0\VC\bin\CL.exe /c /I"..\..\..\..\zlib-1.2.8\zlib-1.2.8" /Zi /nologo /W4 /WX /Od /Oi /Oy- /GL /D WIN32 /D _DEBUG /D _WINDOWS /D _USRDLL /D _WINDLL /D _MBCS /GF /Gm- /EHsc /RTC1 /MDd /GS /Gy /fp:precise /fp:except- /Zc:wchar_t- /Zc:forScope /Yu"pngpriv.h" /Fp"Debug\libpng16.pch" /Fo"Debug\\" /Fd"Debug\vc110.pdb" /FR"Debug\\" /Gd /TC /wd4996 /wd4127 /analyze- /errorReport:prompt ..\..\..\pngerror.c ..\..\..\pngget.c ..\..\..\pngmem.c ..\..\..\pngpread.c ..\..\..\pngread.c ..\..\..\pngrio.c ..\..\..\pngrtran.c ..\..\..\pngrutil.c ..\..\..\pngset.c ..\..\..\pngtrans.c ..\..\..\pngwio.c ..\..\..\pngwrite.c ..\..\..\pngwtran.c ..\..\..\pngwutil.c
         pngerror.c
         pngget.c
         pngmem.c
         pngpread.c
         pngread.c
         pngrio.c
         pngrtran.c
         pngrutil.c
         pngset.c
         pngtrans.c
         pngwio.c
         pngwrite.c
         pngwtran.c
         pngwutil.c
       ResourceCompile:
         C:\Program Files\Windows Kits\8.0\bin\x86\rc.exe /l"0x0409" /nologo /fo"Debug\pngwin.res" ..\..\..\scripts\pngwin.rc 
       Link:
         C:\Program Files\Microsoft Visual Studio 11.0\VC\bin\link.exe /ERRORREPORT:PROMPT /OUT:"G:\Cocos2d-X\CEGame\Tools\lpng1610\projects\vstudio\Debug\libpng16.dll" /VERSION:"16" /INCREMENTAL:NO /NOLOGO /LIBPATH:"G:\Cocos2d-X\CEGame\Tools\lpng1610\projects\vstudio\Debug\\" zlib.lib /MANIFEST /MANIFESTUAC:"level='asInvoker' uiAccess='false'" /manifest:embed /DEBUG /PDB:"G:\Cocos2d-X\CEGame\Tools\lpng1610\projects\vstudio\Debug\libpng16.pdb" /SUBSYSTEM:WINDOWS /LTCG /TLBID:1 /DYNAMICBASE /NXCOMPAT /IMPLIB:"G:\Cocos2d-X\CEGame\Tools\lpng1610\projects\vstudio\Debug\libpng16.lib" /MACHINE:X86 /SAFESEH /DLL Debug\pngwin.res
         Debug\png.obj
         Debug\pngerror.obj
         Debug\pngget.obj
         Debug\pngmem.obj
         Debug\pngpread.obj
         Debug\pngread.obj
         Debug\pngrio.obj
         Debug\pngrtran.obj
         Debug\pngrutil.obj
         Debug\pngset.obj
         Debug\pngtrans.obj
         Debug\pngwio.obj
         Debug\pngwrite.obj
         Debug\pngwtran.obj
         Debug\pngwutil.obj
            正在创建库 G:\Cocos2d-X\CEGame\Tools\lpng1610\projects\vstudio\Debug\libpng16.lib 和对象 G:\Cocos2d-X\CEGame\Tools\lpng1610\projects\vstudio\Debug\libpng16.exp
         正在生成代码
         已完成代码的生成
         libpng.vcxproj -> G:\Cocos2d-X\CEGame\Tools\lpng1610\projects\vstudio\Debug\libpng16.dll
       BscMake:
         C:\Program Files\Microsoft Visual Studio 11.0\VC\bin\bscmake.exe /nologo /o"G:\Cocos2d-X\CEGame\Tools\lpng1610\projects\vstudio\Debug\libpng16.bsc" Debug\png.sbr Debug\pngerror.sbr Debug\pngget.sbr Debug\pngmem.sbr Debug\pngpread.sbr Debug\pngread.sbr Debug\pngrio.sbr Debug\pngrtran.sbr Debug\pngrutil.sbr Debug\pngset.sbr Debug\pngtrans.sbr Debug\pngwio.sbr Debug\pngwrite.sbr Debug\pngwtran.sbr Debug\pngwutil.sbr
       FinalizeBuildStatus:
         正在删除文件“Debug\libpng.unsuccessfulbuild”。
         正在对“Debug\libpng.lastbuildstate”执行 Touch 任务。
     1>已完成生成项目“G:\Cocos2d-X\CEGame\Tools\lpng1610\projects\vstudio\libpng\libpng.vcxproj”(Build 个目标)的操作。

生成成功。

已用时间 00:00:07.02
