生成启动时间为 2014/3/31 13:30:30。
     1>项目“G:\Cocos2d-X\CEGame\Tools\lpng1610\projects\vstudio\zlib\zlib.vcxproj”在节点 2 上(Build 个目标)。
     1>InitializeBuildStatus:
         正在对“Debug\zlib.unsuccessfulbuild”执行 Touch 任务。
       ClCompile:
         C:\Program Files\Microsoft Visual Studio 11.0\VC\bin\CL.exe /c /Zi /nologo /W0 /WX- /Od /Oy- /D WIN32 /D _DEBUG /D _WINDOWS /D Z_SOLO /Gm- /EHsc /MDd /GS /Gy /fp:precise /Zc:wchar_t /Zc:forScope /Fo"Debug\\" /Fd"Debug\vc110.pdb" /FR"Debug\\" /Gd /TC /analyze- /errorReport:prompt "..\..\..\..\zlib-1.2.8\zlib-1.2.8\adler32.c" "..\..\..\..\zlib-1.2.8\zlib-1.2.8\compress.c" "..\..\..\..\zlib-1.2.8\zlib-1.2.8\crc32.c" "..\..\..\..\zlib-1.2.8\zlib-1.2.8\deflate.c" "..\..\..\..\zlib-1.2.8\zlib-1.2.8\infback.c" "..\..\..\..\zlib-1.2.8\zlib-1.2.8\inffast.c" "..\..\..\..\zlib-1.2.8\zlib-1.2.8\inflate.c" "..\..\..\..\zlib-1.2.8\zlib-1.2.8\inftrees.c" "..\..\..\..\zlib-1.2.8\zlib-1.2.8\trees.c" "..\..\..\..\zlib-1.2.8\zlib-1.2.8\uncompr.c" "..\..\..\..\zlib-1.2.8\zlib-1.2.8\zutil.c"
         adler32.c
         compress.c
         crc32.c
         deflate.c
         infback.c
         inffast.c
         inflate.c
         inftrees.c
         trees.c
         uncompr.c
         zutil.c
         正在生成代码...
       Lib:
         C:\Program Files\Microsoft Visual Studio 11.0\VC\bin\Lib.exe /OUT:"G:\Cocos2d-X\CEGame\Tools\lpng1610\projects\vstudio\Debug\zlib.lib" /NOLOGO Debug\adler32.obj
         Debug\compress.obj
         Debug\crc32.obj
         Debug\deflate.obj
         Debug\infback.obj
         Debug\inffast.obj
         Debug\inflate.obj
         Debug\inftrees.obj
         Debug\trees.obj
         Debug\uncompr.obj
         Debug\zutil.obj
         zlib.vcxproj -> G:\Cocos2d-X\CEGame\Tools\lpng1610\projects\vstudio\Debug\zlib.lib
       BscMake:
         C:\Program Files\Microsoft Visual Studio 11.0\VC\bin\bscmake.exe /nologo /o"G:\Cocos2d-X\CEGame\Tools\lpng1610\projects\vstudio\Debug\zlib.bsc" Debug\adler32.sbr Debug\compress.sbr Debug\crc32.sbr Debug\deflate.sbr Debug\infback.sbr Debug\inffast.sbr Debug\inflate.sbr Debug\inftrees.sbr Debug\trees.sbr Debug\uncompr.sbr Debug\zutil.sbr
       FinalizeBuildStatus:
         正在删除文件“Debug\zlib.unsuccessfulbuild”。
         正在对“Debug\zlib.lastbuildstate”执行 Touch 任务。
     1>已完成生成项目“G:\Cocos2d-X\CEGame\Tools\lpng1610\projects\vstudio\zlib\zlib.vcxproj”(Build 个目标)的操作。

生成成功。

已用时间 00:00:02.44
